c:\users\awallace\documents\of_v0.9.3_vs_release\apps\boosterpackgenerator\booster_pack_gen_win\bin\booster_pack_gen_win_debug.lib
c:\users\awallace\documents\of_v0.9.3_vs_release\apps\boosterpackgenerator\booster_pack_gen_win\bin\booster_pack_gen_win_debug.exp
c:\users\awallace\documents\of_v0.9.3_vs_release\apps\boosterpackgenerator\booster_pack_gen_win\obj\debug\tinyxml.obj
c:\users\awallace\documents\of_v0.9.3_vs_release\apps\boosterpackgenerator\booster_pack_gen_win\obj\debug\main.obj
c:\users\awallace\documents\of_v0.9.3_vs_release\apps\boosterpackgenerator\booster_pack_gen_win\obj\debug\tinyxmlerror.obj
c:\users\awallace\documents\of_v0.9.3_vs_release\apps\boosterpackgenerator\booster_pack_gen_win\obj\debug\ofxxmlsettings.obj
c:\users\awallace\documents\of_v0.9.3_vs_release\apps\boosterpackgenerator\booster_pack_gen_win\obj\debug\ofapp.obj
c:\users\awallace\documents\of_v0.9.3_vs_release\apps\boosterpackgenerator\booster_pack_gen_win\obj\debug\tinyxmlparser.obj
c:\users\awallace\documents\of_v0.9.3_vs_release\apps\boosterpackgenerator\booster_pack_gen_win\obj\debug\vc140.pdb
c:\users\awallace\documents\of_v0.9.3_vs_release\apps\boosterpackgenerator\booster_pack_gen_win\bin\booster_pack_gen_win_debug.ilk
c:\users\awallace\documents\of_v0.9.3_vs_release\apps\boosterpackgenerator\booster_pack_gen_win\bin\booster_pack_gen_win_debug.exe
c:\users\awallace\documents\of_v0.9.3_vs_release\apps\boosterpackgenerator\booster_pack_gen_win\bin\booster_pack_gen_win_debug.pdb
c:\users\awallace\documents\of_v0.9.3_vs_release\apps\boosterpackgenerator\booster_pack_gen_win\obj\debug\icon.res
c:\users\awallace\documents\of_v0.9.3_vs_release\apps\boosterpackgenerator\booster_pack_gen_win\obj\debug\booster_.7fd42df7.tlog\booster_pack_gen_win.write.1u.tlog
c:\users\awallace\documents\of_v0.9.3_vs_release\apps\boosterpackgenerator\booster_pack_gen_win\obj\debug\booster_.7fd42df7.tlog\cl.command.1.tlog
c:\users\awallace\documents\of_v0.9.3_vs_release\apps\boosterpackgenerator\booster_pack_gen_win\obj\debug\booster_.7fd42df7.tlog\cl.read.1.tlog
c:\users\awallace\documents\of_v0.9.3_vs_release\apps\boosterpackgenerator\booster_pack_gen_win\obj\debug\booster_.7fd42df7.tlog\cl.write.1.tlog
c:\users\awallace\documents\of_v0.9.3_vs_release\apps\boosterpackgenerator\booster_pack_gen_win\obj\debug\booster_.7fd42df7.tlog\link.command.1.tlog
c:\users\awallace\documents\of_v0.9.3_vs_release\apps\boosterpackgenerator\booster_pack_gen_win\obj\debug\booster_.7fd42df7.tlog\link.read.1.tlog
c:\users\awallace\documents\of_v0.9.3_vs_release\apps\boosterpackgenerator\booster_pack_gen_win\obj\debug\booster_.7fd42df7.tlog\link.write.1.tlog
c:\users\awallace\documents\of_v0.9.3_vs_release\apps\boosterpackgenerator\booster_pack_gen_win\obj\debug\booster_.7fd42df7.tlog\rc.command.1.tlog
c:\users\awallace\documents\of_v0.9.3_vs_release\apps\boosterpackgenerator\booster_pack_gen_win\obj\debug\booster_.7fd42df7.tlog\rc.read.1.tlog
c:\users\awallace\documents\of_v0.9.3_vs_release\apps\boosterpackgenerator\booster_pack_gen_win\obj\debug\booster_.7fd42df7.tlog\rc.write.1.tlog
